Arguments: 
  /usr/local/bin/node /usr/local/bin/yarn

PATH: 
  /Library/Frameworks/Python.framework/Versions/3.10/bin:/usr/local/bin:/usr/bin:/bin:/usr/sbin:/sbin:/Applications/Postgres.app/Contents/Versions/latest/bin:/Library/Frameworks/Python.framework/Versions/3.10/bin:/Applications/Visual Studio Code.app/Contents/Resources/app/bin:/Applications/Visual Studio Code.app/Contents/Resources/app/bin

Yarn version: 
  1.22.19

Node version: 
  16.16.0

Platform: 
  darwin x64

Trace: 
  SyntaxError: /Users/decagon/Downloads/swift_ride_backend/BACKUP swift riders/node-live-project-backend-sq012-swift-rider/package.json: Unexpected string in JSON at position 328
      at JSON.parse (<anonymous>)
      at /usr/local/lib/node_modules/yarn/lib/cli.js:1629:59
      at Generator.next (<anonymous>)
      at step (/usr/local/lib/node_modules/yarn/lib/cli.js:310:30)
      at /usr/local/lib/node_modules/yarn/lib/cli.js:321:13

npm manifest: 
  {
    "name": "projectsetup",
    "version": "1.0.0",
    "main": "index.js",
    "license": "MIT",
    "scripts": {
      "start": "nodemon dist/app.js",
      "compile": "tsc -w",
      "lint": "eslint --ext .ts src",
      "lint:fix": "eslint --ext .ts src --fix",
      "precommit": "npm run lint",
  
      "test": "jest --detectOpenHandles"
  
      "test": "jest --watchAll --detectOpenHandles"
  
    },
    "devDependencies": {
      "@types/bcrypt": "^5.0.0",
      "@types/bcryptjs": "^2.4.2",
      "@types/cookie-parser": "^1.4.3",
      "@types/cors": "^2.8.13",
      "@types/express": "^4.17.14",
      "@types/http-errors": "^2.0.1",
      "@types/jest": "^29.2.5",
      "@types/jsonwebtoken": "^8.5.9",
      "@types/morgan": "^1.9.3",
      "@types/multer": "^1.4.7",
      "@types/nodemailer": "^6.4.6",
      "@types/supertest": "^2.0.12",
      "@types/uuid": "^9.0.0",
      "@typescript-eslint/eslint-plugin": "^5.46.0",
      "@typescript-eslint/parser": "^5.46.0",
      "eslint": "^8.29.0",
      "eslint-plugin-react": "^7.31.11",
      "husky": "^8.0.2",
      "jest": "^29.3.1",
      "nodemon": "^2.0.20",
      "supertest": "^6.3.3",
      "ts-jest": "^29.0.3",
      "typescript": "^4.9.4"
    },
    "dependencies": {
      "@types/jest": "^29.2.5",
      "@types/supertest": "^2.0.12",
      "bcrypt": "^5.1.0",
      "bcryptjs": "^2.4.3",
      "cloudinary": "^1.32.0",
      "cookie-parser": "^1.4.6",
      "cors": "^2.8.5",
      "dotenv": "^16.0.3",
      "express": "^4.18.2",
      "http-errors": "^2.0.0",
      "jest": "^29.3.1",
      "joi": "^17.7.0",
      "jsonwebtoken": "^8.5.1",
      "morgan": "^1.10.0",
      "multer": "^1.4.5-lts.1",
      "multer-storage-cloudinary": "^4.0.0",
      "nodemailer": "^6.8.0",
      "pg": "^8.8.0",
      "pg-hstore": "^2.3.4",
      "sequelize": "^6.26.0",
      "supertest": "^6.3.3",
      "ts-jest": "^29.0.3",
      "ts-node": "^10.9.1",
      "twilio": "^3.83.4",
      "uuid": "^9.0.0"
    }
  }

yarn manifest: 
  No manifest

Lockfile: 
  No lockfile
